#
# A fatal error has been detected by the Java Runtime Environment:
#
#  SIGSEGV (0xb) at pc=0x0000000100000003, pid=8833, tid=50955
#
# JRE version: Java(TM) SE Runtime Environment (8.0_45-b14) (build 1.8.0_45-b14)
# Java VM: Java HotSpot(TM) 64-Bit Server VM (25.45-b02 mixed mode bsd-amd64 compressed oops)
# Problematic frame:
# C  0x0000000100000003
#
# Failed to write core dump. Core dumps have been disabled. To enable core dumping, try "ulimit -c unlimited" before starting Java again
#
# If you would like to submit a bug report, please visit:
#   http://bugreport.java.com/bugreport/crash.jsp
# The crash happened outside the Java Virtual Machine in native code.
# See problematic frame for where to report the bug.
#

---------------  T H R E A D  ---------------

Current thread (0x00007fcd9c803800):  JavaThread "AWT-EventQueue-0" [_thread_in_native, id=50955, stack(0x0000700001359000,0x0000700001459000)]

siginfo: si_signo: 11 (SIGSEGV), si_code: 1 (SEGV_MAPERR), si_addr: 0x0000000100000003

Registers:
RAX=0x0000000000000000, RBX=0x00007fff72591bf0, RCX=0x00007000014544a8, RDX=0x00007fcd9bc6ea30
RSP=0x0000700001454468, RBP=0x00007000014546b0, RSI=0x0000000000000000, RDI=0x00007fff72591ab0
R8 =0x00007fcd9bc6ea30, R9 =0x0000700001454718, R10=0x00007fff94918a01, R11=0x00007fff8938e555
R12=0x00007fff72591ab0, R13=0x00007000014544a8, R14=0x0000700001454748, R15=0x00007fcd9bc6ea30
RIP=0x0000000100000003, EFLAGS=0x0000000000010246, ERR=0x0000000000000014
  TRAPNO=0x000000000000000e

Top of Stack: (sp=0x0000700001454468)
0x0000700001454468:   00007fff8938dbc5 0000000000000000
0x0000700001454478:   0000000000000000 407d100000000000
0x0000700001454488:   402e000000000000 0000000000000000
0x0000700001454498:   406b600000000000 4010000000000000
0x00007000014544a8:   0000000000000000 0000000000000000
0x00007000014544b8:   0000000000000000 0000000000000003
0x00007000014544c8:   0000000000000000 0000000000000000
0x00007000014544d8:   0000000000000000 0000000000000000
0x00007000014544e8:   0000000000000000 0000000000000000
0x00007000014544f8:   0000000000000000 0000000000000000
0x0000700001454508:   0000000000000000 0000000000000000
0x0000700001454518:   0000000000000000 0000000000000000
0x0000700001454528:   0000000000000000 0000000000000000
0x0000700001454538:   0000000000000000 0000000000000000
0x0000700001454548:   0000000000000000 0000000000000000
0x0000700001454558:   0000000000000000 0000000000000000
0x0000700001454568:   0000000000000000 0000000000000000
0x0000700001454578:   0000000000000000 0000000000000000
0x0000700001454588:   0000000000000000 0000000000000000
0x0000700001454598:   0000000000000000 0000000000000000
0x00007000014545a8:   0000000000000000 0000000000000000
0x00007000014545b8:   0000000000000000 0000000000000000
0x00007000014545c8:   0000000000000000 0000000000000000
0x00007000014545d8:   0000000000000000 0000000000000000
0x00007000014545e8:   0000000000000000 0000000000000000
0x00007000014545f8:   0000000000000000 0000000000000000
0x0000700001454608:   00007fff732e48c0 00007fff732e48c0
0x0000700001454618:   0000000000000000 0000700001454650
0x0000700001454628:   00007fff825790f4 0000000000000004
0x0000700001454638:   0000000000000000 00007fff732e3600
0x0000700001454648:   0000000000000000 0000700001454700
0x0000700001454658:   00007fff82564ca5 0000000000000000 

Instructions: (pc=0x0000000100000003)
0x00000000ffffffe3:   
[error occurred during error reporting (printing registers, top of stack, instructions near pc), id 0xb]

Register to memory mapping:

RAX=0x0000000000000000 is an unknown value
RBX=0x00007fff72591bf0: OBJC_METACLASS_$___NSArrayI+0 in /System/Library/Frameworks/CoreFoundation.framework/Versions/A/CoreFoundation at 0x00007fff8255a000
RCX=0x00007000014544a8 is pointing into the stack for thread: 0x00007fcd9c803800
RDX=0x00007fcd9bc6ea30 is an unknown value
RSP=0x0000700001454468 is pointing into the stack for thread: 0x00007fcd9c803800
RBP=0x00007000014546b0 is pointing into the stack for thread: 0x00007fcd9c803800
RSI=0x0000000000000000 is an unknown value
RDI=0x00007fff72591ab0: OBJC_CLASS_$___NSArrayI+0 in /System/Library/Frameworks/CoreFoundation.framework/Versions/A/CoreFoundation at 0x00007fff8255a000
R8 =0x00007fcd9bc6ea30 is an unknown value
R9 =0x0000700001454718 is pointing into the stack for thread: 0x00007fcd9c803800
R10=0x00007fff94918a01: CocoaVersionNumber+0xd58fa09 in /System/Library/Frameworks/Cocoa.framework/Versions/A/Cocoa at 0x00007fff87388000
R11=0x00007fff8938e555: CUIHitTest+0 in /System/Library/PrivateFrameworks/CoreUI.framework/Versions/A/CoreUI at 0x00007fff89383000
R12=0x00007fff72591ab0: OBJC_CLASS_$___NSArrayI+0 in /System/Library/Frameworks/CoreFoundation.framework/Versions/A/CoreFoundation at 0x00007fff8255a000
R13=0x00007000014544a8 is pointing into the stack for thread: 0x00007fcd9c803800
R14=0x0000700001454748 is pointing into the stack for thread: 0x00007fcd9c803800
R15=0x00007fcd9bc6ea30 is an unknown value


Stack: [0x0000700001359000,0x0000700001459000],  sp=0x0000700001454468,  free space=1005k
Native frames: (J=compiled Java code, j=interpreted, Vv=VM code, C=native code)
C  0x0000000100000003
C  [CoreUI+0xb610]  CUIHitTest+0xbb
C  [JavaRuntimeSupport+0x19db]  GetScrollBarHitPart+0x3c
C  [JavaRuntimeSupport+0x23b3]  GetHitPart+0x80
C  [JavaRuntimeSupport+0x232b]  JRSUIControlGetHitPart+0x30
C  [libosxui.dylib+0x2420]  Java_apple_laf_JRSUIControl_getNativeHitPart+0x9c
j  apple.laf.JRSUIControl.getNativeHitPart(JJJDDDDDD)I+0
j  apple.laf.JRSUIControl.getHitForPoint(DDDDDD)Lapple/laf/JRSUIConstants$Hit;+35
j  apple.laf.JRSUIUtils$HitDetection.getHitForPoint(Lapple/laf/JRSUIControl;DDDDDD)Lapple/laf/JRSUIConstants$Hit;+11
j  com.apple.laf.AquaScrollBarUI.getPartHit(II)Lapple/laf/JRSUIConstants$Hit;+37
j  com.apple.laf.AquaScrollBarUI$TrackListener.mousePressed(Ljava/awt/event/MouseEvent;)V+26
j  java.awt.Component.processMouseEvent(Ljava/awt/event/MouseEvent;)V+54
j  javax.swing.JComponent.processMouseEvent(Ljava/awt/event/MouseEvent;)V+23
J 3238 C1 java.awt.Component.processEvent(Ljava/awt/AWTEvent;)V (220 bytes) @ 0x00000001057f491c [0x00000001057f4400+0x51c]

Java frames: (J=compiled Java code, j=interpreted, Vv=VM code)
j  apple.laf.JRSUIControl.getNativeHitPart(JJJDDDDDD)I+0
j  apple.laf.JRSUIControl.getHitForPoint(DDDDDD)Lapple/laf/JRSUIConstants$Hit;+35
j  apple.laf.JRSUIUtils$HitDetection.getHitForPoint(Lapple/laf/JRSUIControl;DDDDDD)Lapple/laf/JRSUIConstants$Hit;+11
j  com.apple.laf.AquaScrollBarUI.getPartHit(II)Lapple/laf/JRSUIConstants$Hit;+37
j  com.apple.laf.AquaScrollBarUI$TrackListener.mousePressed(Ljava/awt/event/MouseEvent;)V+26
j  java.awt.Component.processMouseEvent(Ljava/awt/event/MouseEvent;)V+54
j  javax.swing.JComponent.processMouseEvent(Ljava/awt/event/MouseEvent;)V+23
J 3238 C1 java.awt.Component.processEvent(Ljava/awt/AWTEvent;)V (220 bytes) @ 0x00000001057f491c [0x00000001057f4400+0x51c]
J 2012 C2 java.awt.Container.processEvent(Ljava/awt/AWTEvent;)V (22 bytes) @ 0x00000001055d4594 [0x00000001055d4540+0x54]
J 4255 C2 java.awt.Component.dispatchEventImpl(Ljava/awt/AWTEvent;)V (883 bytes) @ 0x0000000105ac5100 [0x0000000105ac3bc0+0x1540]
J 2677 C1 java.awt.Container.dispatchEventImpl(Ljava/awt/AWTEvent;)V (129 bytes) @ 0x000000010514681c [0x00000001051466e0+0x13c]
J 3801 C1 java.awt.LightweightDispatcher.retargetMouseEvent(Ljava/awt/Component;ILjava/awt/event/MouseEvent;)V (350 bytes) @ 0x000000010592dafc [0x000000010592b5a0+0x255c]
J 3877 C1 java.awt.LightweightDispatcher.processMouseEvent(Ljava/awt/event/MouseEvent;)Z (301 bytes) @ 0x000000010596864c [0x0000000105967320+0x132c]
J 3297 C1 java.awt.LightweightDispatcher.dispatchEvent(Ljava/awt/AWTEvent;)Z (73 bytes) @ 0x000000010583b1b4 [0x000000010583ad80+0x434]
J 2677 C1 java.awt.Container.dispatchEventImpl(Ljava/awt/AWTEvent;)V (129 bytes) @ 0x00000001051467bc [0x00000001051466e0+0xdc]
J 3296 C1 java.awt.Window.dispatchEventImpl(Ljava/awt/AWTEvent;)V (23 bytes) @ 0x000000010583a88c [0x000000010583a2a0+0x5ec]
J 4137 C2 java.awt.EventQueue$3.run()Ljava/lang/Object; (5 bytes) @ 0x00000001053622f4 [0x0000000105361f80+0x374]
v  ~StubRoutines::call_stub
J 2674  java.security.AccessController.doPrivileged(Ljava/security/PrivilegedAction;Ljava/security/AccessControlContext;)Ljava/lang/Object; (0 bytes) @ 0x00000001051f33a3 [0x00000001051f3340+0x63]
J 4307 C2 java.security.ProtectionDomain$1.doIntersectionPrivilege(Ljava/security/PrivilegedAction;Ljava/security/AccessControlContext;Ljava/security/AccessControlContext;)Ljava/lang/Object; (32 bytes) @ 0x00000001054e6754 [0x00000001054e6680+0xd4]
J 2738 C1 java.awt.EventQueue$4.run()Ljava/lang/Object; (5 bytes) @ 0x000000010517f534 [0x000000010517f160+0x3d4]
v  ~StubRoutines::call_stub
J 2674  java.security.AccessController.doPrivileged(Ljava/security/PrivilegedAction;Ljava/security/AccessControlContext;)Ljava/lang/Object; (0 bytes) @ 0x00000001051f33a3 [0x00000001051f3340+0x63]
J 4611 C2 java.awt.EventDispatchThread.pumpOneEventForFilters(I)V (295 bytes) @ 0x0000000105a84540 [0x0000000105a84080+0x4c0]
J 4479 C1 java.awt.EventDispatchThread.pumpEventsForFilter(ILjava/awt/Conditional;Ljava/awt/EventFilter;)V (47 bytes) @ 0x0000000105179d5c [0x0000000105179a60+0x2fc]
j  java.awt.EventDispatchThread.pumpEventsForFilter(Ljava/awt/Conditional;Ljava/awt/EventFilter;)V+4
j  java.awt.WaitDispatchSupport$2.run()V+59
j  java.awt.WaitDispatchSupport$4.run()Ljava/lang/Void;+4
j  java.awt.WaitDispatchSupport$4.run()Ljava/lang/Object;+1
v  ~StubRoutines::call_stub
J 577  java.security.AccessController.doPrivileged(Ljava/security/PrivilegedAction;)Ljava/lang/Object; (0 bytes) @ 0x000000010519a04f [0x000000010519a000+0x4f]
j  java.awt.WaitDispatchSupport.enter()Z+279
j  java.awt.Dialog.show()V+233
j  java.awt.Component.show(Z)V+5
j  java.awt.Component.setVisible(Z)V+2
j  java.awt.Window.setVisible(Z)V+2
j  java.awt.Dialog.setVisible(Z)V+2
j  org.wiztools.restclient.ui.EscapableDialog.setVisible(Z)V+14
j  org.wiztools.restclient.ui.MessageDialog.showMessage(Ljava/lang/String;Ljava/lang/String;)V+52
j  org.wiztools.restclient.ui.MessageDialog.showError(Ljava/lang/String;)V+4
j  org.wiztools.restclient.ui.RESTViewImpl.showError(Ljava/lang/String;)V+5
j  org.wiztools.restclient.ui.RESTViewImpl$8.run()V+8
J 4137 C2 java.awt.EventQueue$3.run()Ljava/lang/Object; (5 bytes) @ 0x0000000105362240 [0x0000000105361f80+0x2c0]
v  ~StubRoutines::call_stub
J 2674  java.security.AccessController.doPrivileged(Ljava/security/PrivilegedAction;Ljava/security/AccessControlContext;)Ljava/lang/Object; (0 bytes) @ 0x00000001051f33a3 [0x00000001051f3340+0x63]
J 4611 C2 java.awt.EventDispatchThread.pumpOneEventForFilters(I)V (295 bytes) @ 0x0000000105a845c4 [0x0000000105a84080+0x544]
J 4610% C1 java.awt.EventDispatchThread.pumpEventsForFilter(ILjava/awt/Conditional;Ljava/awt/EventFilter;)V (47 bytes) @ 0x00000001057f9644 [0x00000001057f9320+0x324]
j  java.awt.EventDispatchThread.pumpEventsForHierarchy(ILjava/awt/Conditional;Ljava/awt/Component;)V+11
j  java.awt.EventDispatchThread.pumpEvents(ILjava/awt/Conditional;)V+4
j  java.awt.EventDispatchThread.pumpEvents(Ljava/awt/Conditional;)V+3
j  java.awt.EventDispatchThread.run()V+9
v  ~StubRoutines::call_stub

---------------  P R O C E S S  ---------------

Java Threads: ( => current thread )
  0x00007fcd9d502800 JavaThread "TimerQueue" daemon [_thread_blocked, id=57495, stack(0x0000700001868000,0x0000700001968000)]
  0x00007fcd9c2dc800 JavaThread "Java2D Disposer" daemon [_thread_blocked, id=54807, stack(0x0000700001765000,0x0000700001865000)]
  0x00007fcd9d566000 JavaThread "Java2D Queue Flusher" daemon [_thread_blocked, id=53767, stack(0x0000700001662000,0x0000700001762000)]
  0x00007fcd9d88e000 JavaThread "com.google.inject.internal.util.$Finalizer" daemon [_thread_blocked, id=51983, stack(0x000070000145c000,0x000070000155c000)]
  0x00007fcd9d007000 JavaThread "DestroyJavaVM" [_thread_blocked, id=5891, stack(0x000070000011a000,0x000070000021a000)]
=>0x00007fcd9c803800 JavaThread "AWT-EventQueue-0" [_thread_in_native, id=50955, stack(0x0000700001359000,0x0000700001459000)]
  0x00007fcd9c126800 JavaThread "AWT-Shutdown" [_thread_blocked, id=44547, stack(0x00007000011d3000,0x00007000012d3000)]
  0x00007fcd9c850000 JavaThread "AppKit Thread" daemon [_thread_in_native, id=2571, stack(0x00007fff5bfcb000,0x00007fff5c7cb000)]
  0x00007fcd9d023800 JavaThread "Service Thread" daemon [_thread_blocked, id=18435, stack(0x0000700000dc1000,0x0000700000ec1000)]
  0x00007fcd9d02d000 JavaThread "C1 CompilerThread2" daemon [_thread_blocked, id=17923, stack(0x0000700000cbe000,0x0000700000dbe000)]
  0x00007fcd9d02c800 JavaThread "C2 CompilerThread1" daemon [_thread_blocked, id=17411, stack(0x0000700000bbb000,0x0000700000cbb000)]
  0x00007fcd9d02a800 JavaThread "C2 CompilerThread0" daemon [_thread_blocked, id=16899, stack(0x0000700000ab8000,0x0000700000bb8000)]
  0x00007fcd9d01b000 JavaThread "Signal Dispatcher" daemon [_thread_blocked, id=12815, stack(0x00007000009b5000,0x0000700000ab5000)]
  0x00007fcd9d022000 JavaThread "Finalizer" daemon [_thread_blocked, id=12291, stack(0x000070000082f000,0x000070000092f000)]
  0x00007fcd9d004800 JavaThread "Reference Handler" daemon [_thread_blocked, id=11779, stack(0x000070000072c000,0x000070000082c000)]

Other Threads:
  0x00007fcd9c036800 VMThread [stack: 0x0000700000629000,0x0000700000729000] [id=11267]
  0x00007fcd9c03c800 WatcherThread [stack: 0x0000700000ec4000,0x0000700000fc4000] [id=18947]

VM state:not at safepoint (normal execution)

VM Mutex/Monitor currently owned by a thread: None

Heap:
 PSYoungGen      total 37376K, used 26213K [0x0000000795580000, 0x0000000798480000, 0x00000007c0000000)
  eden space 28160K, 60% used [0x0000000795580000,0x0000000796623ef8,0x0000000797100000)
  from space 9216K, 99% used [0x0000000797b80000,0x0000000798475760,0x0000000798480000)
  to   space 9728K, 0% used [0x0000000797180000,0x0000000797180000,0x0000000797b00000)
 ParOldGen       total 64512K, used 26114K [0x0000000740000000, 0x0000000743f00000, 0x0000000795580000)
  object space 64512K, 40% used [0x0000000740000000,0x0000000741980b88,0x0000000743f00000)
 Metaspace       used 31231K, capacity 31629K, committed 32000K, reserved 1077248K
  class space    used 4129K, capacity 4259K, committed 4352K, reserved 1048576K

Card table byte_map: [0x0000000114329000,0x000000011472a000] byte_map_base: 0x0000000110929000

Marking Bits: (ParMarkBitMap*) 0x00000001048c27a0
 Begin Bits: [0x00000001149d5000, 0x00000001169d5000)
 End Bits:   [0x00000001169d5000, 0x00000001189d5000)

Polling page: 0x00000001037e1000

CodeCache: size=245760Kb used=11414Kb max_used=12048Kb free=234345Kb
 bounds [0x0000000104f69000, 0x0000000105b79000, 0x0000000113f69000]
 total_blobs=4294 nmethods=3668 adapters=537
 compilation: enabled

Compilation events (10 events):
Event: 2646.051 Thread 0x00007fcd9d02d000 4628       3       com.apple.laf.AquaButtonBorder$Dynamic::getButtonState (35 bytes)
Event: 2646.051 Thread 0x00007fcd9d02d000 nmethod 4628 0x00000001054bbf90 code [0x00000001054bc120, 0x00000001054bc4f8]
Event: 2660.379 Thread 0x00007fcd9d02a800 4629       4       com.apple.laf.AquaButtonBorder::getButtonState (89 bytes)
Event: 2660.385 Thread 0x00007fcd9d02a800 nmethod 4629 0x00000001055953d0 code [0x0000000105595580, 0x0000000105595908]
Event: 2669.078 Thread 0x00007fcd9d02d000 4630 % !   3       javax.swing.TimerQueue::run @ 9 (237 bytes)
Event: 2669.081 Thread 0x00007fcd9d02d000 nmethod 4630% 0x00000001052a3e10 code [0x00000001052a41e0, 0x00000001052a68b8]
Event: 2672.276 Thread 0x00007fcd9d02d000 4631       3       com.apple.laf.AquaTabbedPaneCopyFromBasicUI::calculateTabHeight (119 bytes)
Event: 2672.281 Thread 0x00007fcd9d02d000 nmethod 4631 0x00000001057306d0 code [0x0000000105730900, 0x0000000105731508]
Event: 2673.667 Thread 0x00007fcd9d02d000 4632       1       java.awt.geom.Point2D$Double::getY (5 bytes)
Event: 2673.667 Thread 0x00007fcd9d02d000 nmethod 4632 0x000000010560fb90 code [0x000000010560fce0, 0x000000010560fdf0]

GC Heap History (10 events):
Event: 2594.427 GC heap before
{Heap before GC invocations=63 (full 1):
 PSYoungGen      total 39936K, used 39589K [0x0000000795580000, 0x0000000798680000, 0x00000007c0000000)
  eden space 30720K, 99% used [0x0000000795580000,0x000000079737a688,0x0000000797380000)
  from space 9216K, 96% used [0x0000000797480000,0x0000000797d2edd0,0x0000000797d80000)
  to   space 9216K, 0% used [0x0000000797d80000,0x0000000797d80000,0x0000000798680000)
 ParOldGen       total 64512K, used 26098K [0x0000000740000000, 0x0000000743f00000, 0x0000000795580000)
  object space 64512K, 40% used [0x0000000740000000,0x000000074197cb88,0x0000000743f00000)
 Metaspace       used 31221K, capacity 31629K, committed 32000K, reserved 1077248K
  class space    used 4129K, capacity 4259K, committed 4352K, reserved 1048576K
Event: 2594.430 GC heap after
Heap after GC invocations=63 (full 1):
 PSYoungGen      total 39424K, used 9105K [0x0000000795580000, 0x0000000798680000, 0x00000007c0000000)
  eden space 30208K, 0% used [0x0000000795580000,0x0000000795580000,0x0000000797300000)
  from space 9216K, 98% used [0x0000000797d80000,0x0000000798664550,0x0000000798680000)
  to   space 9728K, 0% used [0x0000000797380000,0x0000000797380000,0x0000000797d00000)
 ParOldGen       total 64512K, used 26106K [0x0000000740000000, 0x0000000743f00000, 0x0000000795580000)
  object space 64512K, 40% used [0x0000000740000000,0x000000074197eb88,0x0000000743f00000)
 Metaspace       used 31221K, capacity 31629K, committed 32000K, reserved 1077248K
  class space    used 4129K, capacity 4259K, committed 4352K, reserved 1048576K
}
Event: 2605.285 GC heap before
{Heap before GC invocations=64 (full 1):
 PSYoungGen      total 39424K, used 39313K [0x0000000795580000, 0x0000000798680000, 0x00000007c0000000)
  eden space 30208K, 100% used [0x0000000795580000,0x0000000797300000,0x0000000797300000)
  from space 9216K, 98% used [0x0000000797d80000,0x0000000798664550,0x0000000798680000)
  to   space 9728K, 0% used [0x0000000797380000,0x0000000797380000,0x0000000797d00000)
 ParOldGen       total 64512K, used 26106K [0x0000000740000000, 0x0000000743f00000, 0x0000000795580000)
  object space 64512K, 40% used [0x0000000740000000,0x000000074197eb88,0x0000000743f00000)
 Metaspace       used 31221K, capacity 31629K, committed 32000K, reserved 1077248K
  class space    used 4129K, capacity 4259K, committed 4352K, reserved 1048576K
Event: 2605.289 GC heap after
Heap after GC invocations=64 (full 1):
 PSYoungGen      total 38912K, used 9178K [0x0000000795580000, 0x0000000798580000, 0x00000007c0000000)
  eden space 29696K, 0% used [0x0000000795580000,0x0000000795580000,0x0000000797280000)
  from space 9216K, 99% used [0x0000000797380000,0x0000000797c76970,0x0000000797c80000)
  to   space 9216K, 0% used [0x0000000797c80000,0x0000000797c80000,0x0000000798580000)
 ParOldGen       total 64512K, used 26106K [0x0000000740000000, 0x0000000743f00000, 0x0000000795580000)
  object space 64512K, 40% used [0x0000000740000000,0x000000074197eb88,0x0000000743f00000)
 Metaspace       used 31221K, capacity 31629K, committed 32000K, reserved 1077248K
  class space    used 4129K, capacity 4259K, committed 4352K, reserved 1048576K
}
Event: 2616.125 GC heap before
{Heap before GC invocations=65 (full 1):
 PSYoungGen      total 38912K, used 38874K [0x0000000795580000, 0x0000000798580000, 0x00000007c0000000)
  eden space 29696K, 100% used [0x0000000795580000,0x0000000797280000,0x0000000797280000)
  from space 9216K, 99% used [0x0000000797380000,0x0000000797c76970,0x0000000797c80000)
  to   space 9216K, 0% used [0x0000000797c80000,0x0000000797c80000,0x0000000798580000)
 ParOldGen       total 64512K, used 26106K [0x0000000740000000, 0x0000000743f00000, 0x0000000795580000)
  object space 64512K, 40% used [0x0000000740000000,0x000000074197eb88,0x0000000743f00000)
 Metaspace       used 31221K, capacity 31629K, committed 32000K, reserved 1077248K
  class space    used 4129K, capacity 4259K, committed 4352K, reserved 1048576K
Event: 2616.128 GC heap after
Heap after GC invocations=65 (full 1):
 PSYoungGen      total 38400K, used 9068K [0x0000000795580000, 0x0000000798580000, 0x00000007c0000000)
  eden space 29184K, 0% used [0x0000000795580000,0x0000000795580000,0x0000000797200000)
  from space 9216K, 98% used [0x0000000797c80000,0x000000079855b340,0x0000000798580000)
  to   space 9728K, 0% used [0x0000000797280000,0x0000000797280000,0x0000000797c00000)
 ParOldGen       total 64512K, used 26114K [0x0000000740000000, 0x0000000743f00000, 0x0000000795580000)
  object space 64512K, 40% used [0x0000000740000000,0x0000000741980b88,0x0000000743f00000)
 Metaspace       used 31221K, capacity 31629K, committed 32000K, reserved 1077248K
  class space    used 4129K, capacity 4259K, committed 4352K, reserved 1048576K
}
Event: 2626.808 GC heap before
{Heap before GC invocations=66 (full 1):
 PSYoungGen      total 38400K, used 38252K [0x0000000795580000, 0x0000000798580000, 0x00000007c0000000)
  eden space 29184K, 100% used [0x0000000795580000,0x0000000797200000,0x0000000797200000)
  from space 9216K, 98% used [0x0000000797c80000,0x000000079855b340,0x0000000798580000)
  to   space 9728K, 0% used [0x0000000797280000,0x0000000797280000,0x0000000797c00000)
 ParOldGen       total 64512K, used 26114K [0x0000000740000000, 0x0000000743f00000, 0x0000000795580000)
  object space 64512K, 40% used [0x0000000740000000,0x0000000741980b88,0x0000000743f00000)
 Metaspace       used 31221K, capacity 31629K, committed 32000K, reserved 1077248K
  class space    used 4129K, capacity 4259K, committed 4352K, reserved 1048576K
Event: 2626.816 GC heap after
Heap after GC invocations=66 (full 1):
 PSYoungGen      total 37888K, used 9032K [0x0000000795580000, 0x0000000798480000, 0x00000007c0000000)
  eden space 28672K, 0% used [0x0000000795580000,0x0000000795580000,0x0000000797180000)
  from space 9216K, 98% used [0x0000000797280000,0x0000000797b52130,0x0000000797b80000)
  to   space 9216K, 0% used [0x0000000797b80000,0x0000000797b80000,0x0000000798480000)
 ParOldGen       total 64512K, used 26114K [0x0000000740000000, 0x0000000743f00000, 0x0000000795580000)
  object space 64512K, 40% used [0x0000000740000000,0x0000000741980b88,0x0000000743f00000)
 Metaspace       used 31221K, capacity 31629K, committed 32000K, reserved 1077248K
  class space    used 4129K, capacity 4259K, committed 4352K, reserved 1048576K
}
Event: 2637.185 GC heap before
{Heap before GC invocations=67 (full 1):
 PSYoungGen      total 37888K, used 37704K [0x0000000795580000, 0x0000000798480000, 0x00000007c0000000)
  eden space 28672K, 100% used [0x0000000795580000,0x0000000797180000,0x0000000797180000)
  from space 9216K, 98% used [0x0000000797280000,0x0000000797b52130,0x0000000797b80000)
  to   space 9216K, 0% used [0x0000000797b80000,0x0000000797b80000,0x0000000798480000)
 ParOldGen       total 64512K, used 26114K [0x0000000740000000, 0x0000000743f00000, 0x0000000795580000)
  object space 64512K, 40% used [0x0000000740000000,0x0000000741980b88,0x0000000743f00000)
 Metaspace       used 31221K, capacity 31629K, committed 32000K, reserved 1077248K
  class space    used 4129K, capacity 4259K, committed 4352K, reserved 1048576K
Event: 2637.189 GC heap after
Heap after GC invocations=67 (full 1):
 PSYoungGen      total 37376K, used 9173K [0x0000000795580000, 0x0000000798480000, 0x00000007c0000000)
  eden space 28160K, 0% used [0x0000000795580000,0x0000000795580000,0x0000000797100000)
  from space 9216K, 99% used [0x0000000797b80000,0x0000000798475760,0x0000000798480000)
  to   space 9728K, 0% used [0x0000000797180000,0x0000000797180000,0x0000000797b00000)
 ParOldGen       total 64512K, used 26114K [0x0000000740000000, 0x0000000743f00000, 0x0000000795580000)
  object space 64512K, 40% used [0x0000000740000000,0x0000000741980b88,0x0000000743f00000)
 Metaspace       used 31221K, capacity 31629K, committed 32000K, reserved 1077248K
  class space    used 4129K, capacity 4259K, committed 4352K, reserved 1048576K
}

Deoptimization events (10 events):
Event: 2505.193 Thread 0x00007fcd9c803800 Uncommon trap: reason=unstable_if action=reinterpret pc=0x0000000105b36fcc method=java.awt.EventDispatchThread.pumpOneEventForFilters(I)V @ 132
Event: 2506.023 Thread 0x00007fcd9c803800 Uncommon trap: reason=unstable_if action=reinterpret pc=0x000000010521e584 method=com.apple.laf.AquaButtonBorder$Dynamic.getButtonState(Ljavax/swing/AbstractButton;Ljavax/swing/ButtonModel;)Lapple/laf/JRSUIConstants$State; @ 18
Event: 2506.095 Thread 0x00007fcd9d502800 Uncommon trap: reason=unstable_if action=reinterpret pc=0x0000000105592498 method=java.awt.EventQueue.getPriority(Ljava/awt/AWTEvent;)I @ 22
Event: 2506.107 Thread 0x00007fcd9c803800 Uncommon trap: reason=unstable_if action=reinterpret pc=0x00000001054bcf3c method=java.awt.WaitDispatchSupport$1.evaluate()Z @ 101
Event: 2506.108 Thread 0x00007fcd9c803800 Uncommon trap: reason=unstable_if action=reinterpret pc=0x0000000105864fac method=com.apple.laf.AquaRootPaneUI$DefaultButtonPainter.actionPerformed(Ljava/awt/event/ActionEvent;)V @ 16
Event: 2506.264 Thread 0x00007fcd9d566000 Uncommon trap: reason=unstable_if action=reinterpret pc=0x00000001058496b8 method=sun.java2d.opengl.OGLRenderQueue$QueueFlusher.run()V @ 22
Event: 2507.565 Thread 0x00007fcd9c803800 Uncommon trap: reason=null_check action=make_not_entrant pc=0x000000010582a6dc method=javax.swing.ImageIcon.<init>(Ljava/awt/Image;)V @ 46
Event: 2639.226 Thread 0x00007fcd9c803800 Uncommon trap: reason=speculate_class_check action=maybe_recompile pc=0x00000001052f44e0 method=java.util.AbstractList.listIterator()Ljava/util/ListIterator; @ 2
Event: 2639.226 Thread 0x00007fcd9c803800 Uncommon trap: reason=speculate_class_check action=maybe_recompile pc=0x00000001052f44e0 method=java.util.AbstractList.listIterator()Ljava/util/ListIterator; @ 2
Event: 2639.236 Thread 0x00007fcd9c803800 Uncommon trap: reason=class_check action=maybe_recompile pc=0x0000000105575ea8 method=javax.swing.RepaintManager.addDirtyRegion0(Ljava/awt/Container;IIII)V @ 16

Internal exceptions (10 events):
Event: 3.218 Thread 0x00007fcd9c803800 Implicit null exception at 0x0000000105508310 to 0x000000010550836c
Event: 4.377 Thread 0x00007fcd9c803800 Exception <a 'java/lang/NoClassDefFoundError': org/apache/xerces/impl/Version> (0x0000000796575048) thrown at [/Users/java_re/workspace/8-2-build-macosx-x86_64/jdk8u45/3457/hotspot/src/share/vm/classfile/systemDictionary.cpp, line 199]
Event: 4.377 Thread 0x00007fcd9c803800 Exception <a 'java/lang/NoClassDefFoundError': org/apache/xerces/parsers/SAXParser> (0x0000000796579498) thrown at [/Users/java_re/workspace/8-2-build-macosx-x86_64/jdk8u45/3457/hotspot/src/share/vm/classfile/systemDictionary.cpp, line 199]
Event: 4.377 Thread 0x00007fcd9c803800 Exception <a 'java/lang/NoClassDefFoundError'> (0x0000000796579498) thrown at [/Users/java_re/workspace/8-2-build-macosx-x86_64/jdk8u45/3457/hotspot/src/share/vm/prims/jvm.cpp, line 1386]
Event: 4.711 Thread 0x00007fcd9c803800 Exception <a 'java/lang/NoClassDefFoundError': org/slf4j/Logger> (0x0000000796b63e88) thrown at [/Users/java_re/workspace/8-2-build-macosx-x86_64/jdk8u45/3457/hotspot/src/share/vm/classfile/systemDictionary.cpp, line 199]
Event: 4.958 Thread 0x00007fcd9c803800 Implicit null exception at 0x000000010559561f to 0x0000000105595869
Event: 12.392 Thread 0x00007fcd9d4a2000 Exception <a 'java/lang/NoClassDefFoundError': org/apache/log4j/Category> (0x0000000797cd9508) thrown at [/Users/java_re/workspace/8-2-build-macosx-x86_64/jdk8u45/3457/hotspot/src/share/vm/classfile/systemDictionary.cpp, line 199]
Event: 17.218 Thread 0x00007fcd9c803800 Implicit null exception at 0x00000001054ac872 to 0x00000001054ad8ad
Event: 150.900 Thread 0x00007fcd9c803800 Implicit null exception at 0x00000001055c1a0f to 0x00000001055c1dd9
Event: 2507.565 Thread 0x00007fcd9c803800 Implicit null exception at 0x0000000105828d54 to 0x000000010582a671

Events (10 events):
Event: 2643.393 Thread 0x00007fcd9d02d000 flushing nmethod 0x00000001059571d0
Event: 2643.393 Thread 0x00007fcd9d02d000 flushing nmethod 0x000000010596c9d0
Event: 2643.393 Thread 0x00007fcd9d02d000 flushing nmethod 0x000000010596e890
Event: 2643.393 Thread 0x00007fcd9d02d000 flushing nmethod 0x000000010599b790
Event: 2646.051 Thread 0x00007fcd9d02d000 flushing nmethod 0x00000001059aec90
Event: 2646.052 Thread 0x00007fcd9d02d000 flushing nmethod 0x0000000105ae6ad0
Event: 2646.052 Thread 0x00007fcd9d02d000 flushing nmethod 0x0000000105afe5d0
Event: 2646.052 Thread 0x00007fcd9d02d000 flushing nmethod 0x0000000105b2fc50
Event: 2673.792 loading class apple/laf/JRSUIUtils$HitDetection
Event: 2673.792 loading class apple/laf/JRSUIUtils$HitDetection done


Dynamic libraries:
0x000000000254a000 	/System/Library/Frameworks/Cocoa.framework/Versions/A/Cocoa
0x000000000254a000 	/System/Library/Frameworks/Security.framework/Versions/A/Security
0x000000000254a000 	/System/Library/Frameworks/ApplicationServices.framework/Versions/A/ApplicationServices
0x000000000254a000 	/usr/lib/libz.1.dylib
0x000000000254a000 	/usr/lib/libSystem.B.dylib
0x000000000254a000 	/usr/lib/libobjc.A.dylib
0x000000000254a000 	/System/Library/Frameworks/CoreFoundation.framework/Versions/A/CoreFoundation
0x000000000254a000 	/System/Library/Frameworks/Foundation.framework/Versions/C/Foundation
0x000000000254a000 	/System/Library/Frameworks/AppKit.framework/Versions/C/AppKit
0x000000000254a000 	/System/Library/Frameworks/CoreData.framework/Versions/A/CoreData
0x000000000254a000 	/System/Library/PrivateFrameworks/RemoteViewServices.framework/Versions/A/RemoteViewServices
0x000000000254a000 	/System/Library/PrivateFrameworks/UIFoundation.framework/Versions/A/UIFoundation
0x000000000254a000 	/System/Library/Frameworks/Accelerate.framework/Versions/A/Accelerate
0x000000000254a000 	/System/Library/Frameworks/IOSurface.framework/Versions/A/IOSurface
0x000000000254a000 	/System/Library/Frameworks/AudioToolbox.framework/Versions/A/AudioToolbox
0x000000000254a000 	/System/Library/Frameworks/AudioUnit.framework/Versions/A/AudioUnit
0x000000000254a000 	/System/Library/PrivateFrameworks/DataDetectorsCore.framework/Versions/A/DataDetectorsCore
0x000000000254a000 	/System/Library/PrivateFrameworks/DesktopServicesPriv.framework/Versions/A/DesktopServicesPriv
0x000000000254a000 	/System/Library/Frameworks/Carbon.framework/Versions/A/Frameworks/HIToolbox.framework/Versions/A/HIToolbox
0x000000000254a000 	/System/Library/Frameworks/QuartzCore.framework/Versions/A/QuartzCore
0x000000000254a000 	/System/Library/Frameworks/Carbon.framework/Versions/A/Frameworks/SpeechRecognition.framework/Versions/A/SpeechRecognition
0x000000000254a000 	/usr/lib/libauto.dylib
0x000000000254a000 	/usr/lib/libicucore.A.dylib
0x000000000254a000 	/usr/lib/libxml2.2.dylib
0x000000000254a000 	/System/Library/PrivateFrameworks/CoreUI.framework/Versions/A/CoreUI
0x000000000254a000 	/System/Library/Frameworks/CoreAudio.framework/Versions/A/CoreAudio
0x000000000254a000 	/System/Library/Frameworks/DiskArbitration.framework/Versions/A/DiskArbitration
0x000000000254a000 	/usr/lib/liblangid.dylib
0x000000000254a000 	/System/Library/PrivateFrameworks/MultitouchSupport.framework/Versions/A/MultitouchSupport
0x000000000254a000 	/System/Library/Frameworks/IOKit.framework/Versions/A/IOKit
0x000000000254a000 	/usr/lib/libDiagnosticMessagesClient.dylib
0x000000000254a000 	/System/Library/Frameworks/CoreServices.framework/Versions/A/CoreServices
0x000000000254a000 	/System/Library/PrivateFrameworks/PerformanceAnalysis.framework/Versions/A/PerformanceAnalysis
0x000000000254a000 	/System/Library/PrivateFrameworks/GenerationalStorage.framework/Versions/A/GenerationalStorage
0x000000000254a000 	/System/Library/Frameworks/OpenGL.framework/Versions/A/OpenGL
0x000000000254a000 	/System/Library/PrivateFrameworks/Sharing.framework/Versions/A/Sharing
0x000000000254a000 	/System/Library/Frameworks/CoreGraphics.framework/Versions/A/CoreGraphics
0x000000000254a000 	/System/Library/Frameworks/CoreImage.framework/Versions/A/CoreImage
0x000000000254a000 	/System/Library/Frameworks/CoreText.framework/Versions/A/CoreText
0x000000000254a000 	/System/Library/Frameworks/ImageIO.framework/Versions/A/ImageIO
0x000000000254a000 	/System/Library/PrivateFrameworks/Backup.framework/Versions/A/Backup
0x000000000254a000 	/usr/lib/libextension.dylib
0x000000000254a000 	/usr/lib/libarchive.2.dylib
0x000000000254a000 	/System/Library/Frameworks/CFNetwork.framework/Versions/A/CFNetwork
0x000000000254a000 	/System/Library/Frameworks/SystemConfiguration.framework/Versions/A/SystemConfiguration
0x000000000254a000 	/usr/lib/libCRFSuite.dylib
0x000000000254a000 	/usr/lib/libc++.1.dylib
0x000000000254a000 	/usr/lib/libc++abi.dylib
0x000000000254a000 	/usr/lib/system/libcache.dylib
0x000000000254a000 	/usr/lib/system/libcommonCrypto.dylib
0x000000000254a000 	/usr/lib/system/libcompiler_rt.dylib
0x000000000254a000 	/usr/lib/system/libcopyfile.dylib
0x000000000254a000 	/usr/lib/system/libcorecrypto.dylib
0x000000000254a000 	/usr/lib/system/libdispatch.dylib
0x000000000254a000 	/usr/lib/system/libdyld.dylib
0x000000000254a000 	/usr/lib/system/libkeymgr.dylib
0x000000000254a000 	/usr/lib/system/liblaunch.dylib
0x000000000254a000 	/usr/lib/system/libmacho.dylib
0x000000000254a000 	/usr/lib/system/libquarantine.dylib
0x000000000254a000 	/usr/lib/system/libremovefile.dylib
0x000000000254a000 	/usr/lib/system/libsystem_asl.dylib
0x000000000254a000 	/usr/lib/system/libsystem_blocks.dylib
0x000000000254a000 	/usr/lib/system/libsystem_c.dylib
0x000000000254a000 	/usr/lib/system/libsystem_configuration.dylib
0x000000000254a000 	/usr/lib/system/libsystem_coreservices.dylib
0x000000000254a000 	/usr/lib/system/libsystem_coretls.dylib
0x000000000254a000 	/usr/lib/system/libsystem_dnssd.dylib
0x000000000254a000 	/usr/lib/system/libsystem_info.dylib
0x000000000254a000 	/usr/lib/system/libsystem_kernel.dylib
0x000000000254a000 	/usr/lib/system/libsystem_m.dylib
0x000000000254a000 	/usr/lib/system/libsystem_malloc.dylib
0x000000000254a000 	/usr/lib/system/libsystem_network.dylib
0x000000000254a000 	/usr/lib/system/libsystem_networkextension.dylib
0x000000000254a000 	/usr/lib/system/libsystem_notify.dylib
0x000000000254a000 	/usr/lib/system/libsystem_platform.dylib
0x000000000254a000 	/usr/lib/system/libsystem_pthread.dylib
0x000000000254a000 	/usr/lib/system/libsystem_sandbox.dylib
0x000000000254a000 	/usr/lib/system/libsystem_secinit.dylib
0x000000000254a000 	/usr/lib/system/libsystem_trace.dylib
0x000000000254a000 	/usr/lib/system/libunc.dylib
0x000000000254a000 	/usr/lib/system/libunwind.dylib
0x000000000254a000 	/usr/lib/system/libxpc.dylib
0x000000000254a000 	/usr/lib/libenergytrace.dylib
0x000000000254a000 	/usr/lib/libbsm.0.dylib
0x000000000254a000 	/usr/lib/system/libkxld.dylib
0x000000000254a000 	/usr/lib/libxar.1.dylib
0x000000000254a000 	/usr/lib/libsqlite3.dylib
0x000000000254a000 	/usr/lib/libpam.2.dylib
0x000000000254a000 	/usr/lib/libOpenScriptingUtil.dylib
0x000000000254a000 	/usr/lib/libbz2.1.0.dylib
0x000000000254a000 	/usr/lib/liblzma.5.dylib
0x000000000254a000 	/System/Library/Frameworks/CoreServices.framework/Versions/A/Frameworks/FSEvents.framework/Versions/A/FSEvents
0x000000000254a000 	/System/Library/Frameworks/CoreServices.framework/Versions/A/Frameworks/CarbonCore.framework/Versions/A/CarbonCore
0x000000000254a000 	/System/Library/Frameworks/CoreServices.framework/Versions/A/Frameworks/Metadata.framework/Versions/A/Metadata
0x000000000254a000 	/System/Library/Frameworks/CoreServices.framework/Versions/A/Frameworks/OSServices.framework/Versions/A/OSServices
0x000000000254a000 	/System/Library/Frameworks/CoreServices.framework/Versions/A/Frameworks/SearchKit.framework/Versions/A/SearchKit
0x000000000254a000 	/System/Library/Frameworks/CoreServices.framework/Versions/A/Frameworks/AE.framework/Versions/A/AE
0x000000000254a000 	/System/Library/Frameworks/CoreServices.framework/Versions/A/Frameworks/LaunchServices.framework/Versions/A/LaunchServices
0x000000000254a000 	/System/Library/Frameworks/CoreServices.framework/Versions/A/Frameworks/DictionaryServices.framework/Versions/A/DictionaryServices
0x000000000254a000 	/System/Library/Frameworks/CoreServices.framework/Versions/A/Frameworks/SharedFileList.framework/Versions/A/SharedFileList
0x000000000254a000 	/System/Library/Frameworks/NetFS.framework/Versions/A/NetFS
0x000000000254a000 	/System/Library/PrivateFrameworks/NetAuth.framework/Versions/A/NetAuth
0x000000000254a000 	/System/Library/PrivateFrameworks/login.framework/Versions/A/Frameworks/loginsupport.framework/Versions/A/loginsupport
0x000000000254a000 	/System/Library/PrivateFrameworks/TCC.framework/Versions/A/TCC
0x000000000254a000 	/usr/lib/libmecabra.dylib
0x000000000254a000 	/System/Library/Frameworks/ApplicationServices.framework/Versions/A/Frameworks/ATS.framework/Versions/A/ATS
0x000000000254a000 	/System/Library/Frameworks/ApplicationServices.framework/Versions/A/Frameworks/ColorSync.framework/Versions/A/ColorSync
0x000000000254a000 	/System/Library/Frameworks/ApplicationServices.framework/Versions/A/Frameworks/HIServices.framework/Versions/A/HIServices
0x000000000254a000 	/System/Library/Frameworks/ApplicationServices.framework/Versions/A/Frameworks/LangAnalysis.framework/Versions/A/LangAnalysis
0x000000000254a000 	/System/Library/Frameworks/ApplicationServices.framework/Versions/A/Frameworks/PrintCore.framework/Versions/A/PrintCore
0x000000000254a000 	/System/Library/Frameworks/ApplicationServices.framework/Versions/A/Frameworks/QD.framework/Versions/A/QD
0x000000000254a000 	/System/Library/Frameworks/ApplicationServices.framework/Versions/A/Frameworks/SpeechSynthesis.framework/Versions/A/SpeechSynthesis
0x000000000254a000 	/System/Library/Frameworks/Metal.framework/Versions/A/Metal
0x000000000254a000 	/System/Library/Frameworks/Accelerate.framework/Versions/A/Frameworks/vImage.framework/Versions/A/vImage
0x000000000254a000 	/System/Library/Frameworks/Accelerate.framework/Versions/A/Frameworks/vecLib.framework/Versions/A/vecLib
0x000000000254a000 	/System/Library/Frameworks/Accelerate.framework/Versions/A/Frameworks/vecLib.framework/Versions/A/libvDSP.dylib
0x000000000254a000 	/System/Library/Frameworks/Accelerate.framework/Versions/A/Frameworks/vecLib.framework/Versions/A/libvMisc.dylib
0x000000000254a000 	/System/Library/Frameworks/Accelerate.framework/Versions/A/Frameworks/vecLib.framework/Versions/A/libLAPACK.dylib
0x000000000254a000 	/System/Library/Frameworks/Accelerate.framework/Versions/A/Frameworks/vecLib.framework/Versions/A/libBLAS.dylib
0x000000000254a000 	/System/Library/Frameworks/Accelerate.framework/Versions/A/Frameworks/vecLib.framework/Versions/A/libLinearAlgebra.dylib
0x000000000254a000 	/System/Library/Frameworks/Accelerate.framework/Versions/A/Frameworks/vecLib.framework/Versions/A/libSparseBLAS.dylib
0x000000000254a000 	/System/Library/Frameworks/OpenGL.framework/Versions/A/Libraries/libCoreFSCache.dylib
0x000000000254a000 	/System/Library/PrivateFrameworks/IOAccelerator.framework/Versions/A/IOAccelerator
0x000000000254a000 	/System/Library/Frameworks/ApplicationServices.framework/Versions/A/Frameworks/ATS.framework/Versions/A/Resources/libFontParser.dylib
0x000000000254a000 	/System/Library/Frameworks/ApplicationServices.framework/Versions/A/Frameworks/ATS.framework/Versions/A/Resources/libFontRegistry.dylib
0x000000000254a000 	/System/Library/PrivateFrameworks/AppleVPA.framework/Versions/A/AppleVPA
0x000000000254a000 	/System/Library/PrivateFrameworks/AppleJPEG.framework/Versions/A/AppleJPEG
0x000000000254a000 	/System/Library/Frameworks/ImageIO.framework/Versions/A/Resources/libJPEG.dylib
0x000000000254a000 	/System/Library/Frameworks/ImageIO.framework/Versions/A/Resources/libTIFF.dylib
0x000000000254a000 	/System/Library/Frameworks/ImageIO.framework/Versions/A/Resources/libPng.dylib
0x000000000254a000 	/System/Library/Frameworks/ImageIO.framework/Versions/A/Resources/libGIF.dylib
0x000000000254a000 	/System/Library/Frameworks/ImageIO.framework/Versions/A/Resources/libJP2.dylib
0x000000000254a000 	/System/Library/Frameworks/ImageIO.framework/Versions/A/Resources/libRadiance.dylib
0x000000000254a000 	/System/Library/Frameworks/CoreVideo.framework/Versions/A/CoreVideo
0x000000000254a000 	/System/Library/Frameworks/OpenGL.framework/Versions/A/Libraries/libGLU.dylib
0x000000000254a000 	/System/Library/Frameworks/OpenGL.framework/Versions/A/Libraries/libGFXShared.dylib
0x000000000254a000 	/System/Library/Frameworks/OpenGL.framework/Versions/A/Libraries/libGL.dylib
0x000000000254a000 	/System/Library/Frameworks/OpenGL.framework/Versions/A/Libraries/libGLImage.dylib
0x000000000254a000 	/System/Library/Frameworks/OpenGL.framework/Versions/A/Libraries/libCVMSPluginSupport.dylib
0x000000000254a000 	/System/Library/Frameworks/OpenGL.framework/Versions/A/Libraries/libCoreVMClient.dylib
0x000000000254a000 	/usr/lib/libcups.2.dylib
0x000000000254a000 	/System/Library/Frameworks/Kerberos.framework/Versions/A/Kerberos
0x000000000254a000 	/System/Library/Frameworks/GSS.framework/Versions/A/GSS
0x000000000254a000 	/usr/lib/libresolv.9.dylib
0x000000000254a000 	/usr/lib/libiconv.2.dylib
0x000000000254a000 	/System/Library/PrivateFrameworks/Heimdal.framework/Versions/A/Heimdal
0x000000000254a000 	/usr/lib/libheimdal-asn1.dylib
0x000000000254a000 	/System/Library/Frameworks/OpenDirectory.framework/Versions/A/OpenDirectory
0x000000000254a000 	/System/Library/PrivateFrameworks/CommonAuth.framework/Versions/A/CommonAuth
0x000000000254a000 	/System/Library/Frameworks/OpenDirectory.framework/Versions/A/Frameworks/CFOpenDirectory.framework/Versions/A/CFOpenDirectory
0x000000000254a000 	/System/Library/Frameworks/SecurityFoundation.framework/Versions/A/SecurityFoundation
0x000000000254a000 	/System/Library/PrivateFrameworks/LanguageModeling.framework/Versions/A/LanguageModeling
0x000000000254a000 	/usr/lib/libmarisa.dylib
0x000000000254a000 	/usr/lib/libChineseTokenizer.dylib
0x000000000254a000 	/usr/lib/libcmph.dylib
0x000000000254a000 	/usr/lib/libcompression.dylib
0x000000000254a000 	/System/Library/Frameworks/ServiceManagement.framework/Versions/A/ServiceManagement
0x000000000254a000 	/usr/lib/libxslt.1.dylib
0x000000000254a000 	/System/Library/Frameworks/Carbon.framework/Versions/A/Frameworks/Ink.framework/Versions/A/Ink
0x000000000254a000 	/usr/lib/libFosl_dynamic.dylib
0x000000000254a000 	/System/Library/PrivateFrameworks/FaceCore.framework/Versions/A/FaceCore
0x000000000254a000 	/System/Library/Frameworks/OpenCL.framework/Versions/A/OpenCL
0x000000000254a000 	/System/Library/PrivateFrameworks/CrashReporterSupport.framework/Versions/A/CrashReporterSupport
0x000000000254a000 	/System/Library/PrivateFrameworks/IconServices.framework/Versions/A/IconServices
0x000000000254a000 	/System/Library/PrivateFrameworks/Apple80211.framework/Versions/A/Apple80211
0x000000000254a000 	/System/Library/Frameworks/CoreWLAN.framework/Versions/A/CoreWLAN
0x000000000254a000 	/System/Library/Frameworks/IOBluetooth.framework/Versions/A/IOBluetooth
0x000000000254a000 	/System/Library/PrivateFrameworks/CoreWiFi.framework/Versions/A/CoreWiFi
0x000000000254a000 	/System/Library/Frameworks/CoreBluetooth.framework/Versions/A/CoreBluetooth
0x000000000254a000 	/System/Library/PrivateFrameworks/ChunkingLibrary.framework/Versions/A/ChunkingLibrary
0x000000000254a000 	/System/Library/PrivateFrameworks/DebugSymbols.framework/Versions/A/DebugSymbols
0x000000000254a000 	/System/Library/PrivateFrameworks/CoreSymbolication.framework/Versions/A/CoreSymbolication
0x000000000254a000 	/System/Library/PrivateFrameworks/Symbolication.framework/Versions/A/Symbolication
0x000000000254a000 	/System/Library/PrivateFrameworks/SpeechRecognitionCore.framework/Versions/A/SpeechRecognitionCore
0x0000000104000000 	/Library/Java/JavaVirtualMachines/jdk1.8.0_45.jdk/Contents/Home/jre/lib/server/libjvm.dylib
0x00000001036e7000 	/usr/lib/libstdc++.6.dylib
0x000000010379e000 	/Library/Java/JavaVirtualMachines/jdk1.8.0_45.jdk/Contents/Home/jre/lib/libverify.dylib
0x00000001037ac000 	/Library/Java/JavaVirtualMachines/jdk1.8.0_45.jdk/Contents/Home/jre/lib/libjava.dylib
0x00000001037eb000 	/Library/Java/JavaVirtualMachines/jdk1.8.0_45.jdk/Contents/Home/jre/lib/libzip.dylib
0x000000011a8a3000 	/System/Library/Frameworks/JavaVM.framework/Frameworks/JavaRuntimeSupport.framework/JavaRuntimeSupport
0x000000011a8bd000 	/System/Library/Frameworks/JavaVM.framework/Versions/A/Frameworks/JavaNativeFoundation.framework/Versions/A/JavaNativeFoundation
0x000000011a8d2000 	/System/Library/Frameworks/JavaVM.framework/Versions/A/JavaVM
0x000000000254a000 	/System/Library/Frameworks/Carbon.framework/Versions/A/Carbon
0x00000001037f4000 	/System/Library/PrivateFrameworks/JavaLaunching.framework/Versions/A/JavaLaunching
0x000000000254a000 	/System/Library/Frameworks/Carbon.framework/Versions/A/Frameworks/CommonPanels.framework/Versions/A/CommonPanels
0x000000000254a000 	/System/Library/Frameworks/Carbon.framework/Versions/A/Frameworks/Help.framework/Versions/A/Help
0x000000000254a000 	/System/Library/Frameworks/Carbon.framework/Versions/A/Frameworks/ImageCapture.framework/Versions/A/ImageCapture
0x000000000254a000 	/System/Library/Frameworks/Carbon.framework/Versions/A/Frameworks/OpenScripting.framework/Versions/A/OpenScripting
0x000000000254a000 	/System/Library/Frameworks/Carbon.framework/Versions/A/Frameworks/Print.framework/Versions/A/Print
0x000000000254a000 	/System/Library/Frameworks/Carbon.framework/Versions/A/Frameworks/SecurityHI.framework/Versions/A/SecurityHI
0x000000011c1f5000 	/Library/Java/JavaVirtualMachines/jdk1.8.0_45.jdk/Contents/Home/jre/lib/libsplashscreen.dylib
0x000000011c24d000 	/Library/Java/JavaVirtualMachines/jdk1.8.0_45.jdk/Contents/Home/jre/lib/./libosxapp.dylib
0x000000000254a000 	/System/Library/Frameworks/ExceptionHandling.framework/Versions/A/ExceptionHandling
0x000000000254a000 	/System/Library/PrivateFrameworks/CoreServicesInternal.framework/Versions/A/CoreServicesInternal
0x000000011cc2e000 	/Library/Java/JavaVirtualMachines/jdk1.8.0_45.jdk/Contents/Home/jre/lib/libawt.dylib
0x000000011ccd6000 	/Library/Java/JavaVirtualMachines/jdk1.8.0_45.jdk/Contents/Home/jre/lib/./libmlib_image.dylib
0x000000011cda2000 	/Library/Java/JavaVirtualMachines/jdk1.8.0_45.jdk/Contents/Home/jre/lib/libawt_lwawt.dylib
0x000000000254a000 	/System/Library/Frameworks/CoreGraphics.framework/Versions/A/Resources/libRIP.A.dylib
0x000000011d257000 	/System/Library/Frameworks/Accelerate.framework/Frameworks/vImage.framework/Versions/A/Libraries/libCGInterfaces.dylib
0x000000011d518000 	/System/Library/PrivateFrameworks/AccessibilityBundles.framework/AccessibilityBundles
0x000000000254a000 	/System/Library/Frameworks/CoreGraphics.framework/Versions/A/Resources/libCGXType.A.dylib
0x000000000254a000 	/System/Library/Frameworks/OpenCL.framework/Versions/A/Libraries/libcldcpuengine.dylib
0x000000000254a000 	/System/Library/PrivateFrameworks/DiskImages.framework/Versions/A/DiskImages
0x000000000254a000 	/System/Library/Frameworks/DiscRecording.framework/Versions/A/DiscRecording
0x000000000254a000 	/usr/lib/libcsfde.dylib
0x000000000254a000 	/usr/lib/libcurl.4.dylib
0x000000000254a000 	/System/Library/PrivateFrameworks/MediaKit.framework/Versions/A/MediaKit
0x000000000254a000 	/System/Library/PrivateFrameworks/ProtectedCloudStorage.framework/Versions/A/ProtectedCloudStorage
0x000000000254a000 	/usr/lib/libCoreStorage.dylib
0x000000000254a000 	/System/Library/PrivateFrameworks/EFILogin.framework/Versions/A/EFILogin
0x000000000254a000 	/usr/lib/libutil.dylib
0x000000000254a000 	/System/Library/PrivateFrameworks/FindMyDevice.framework/Versions/A/FindMyDevice
0x000000000254a000 	/System/Library/Frameworks/LDAP.framework/Versions/A/LDAP
0x000000000254a000 	/usr/lib/libsasl2.2.dylib
0x000000000254a000 	/System/Library/PrivateFrameworks/CoreDaemon.framework/Versions/B/CoreDaemon
0x000000000254a000 	/usr/lib/libcrypto.0.9.8.dylib
0x000000000254a000 	/System/Library/PrivateFrameworks/AppleSRP.framework/Versions/A/AppleSRP
0x000000000254a000 	/System/Library/PrivateFrameworks/TrustEvaluationAgent.framework/Versions/A/TrustEvaluationAgent
0x000000011e013000 	cl_kernels
0x000000011e016000 	/System/Library/Frameworks/OpenCL.framework/Versions/A/Libraries/ImageFormats/unorm8_bgra.dylib
0x000000011e13f000 	/System/Library/Frameworks/OpenCL.framework/Versions/A/Libraries/ImageFormats/unorm8_rgba.dylib
0x000000000254a000 	/System/Library/PrivateFrameworks/FamilyControls.framework/Versions/A/FamilyControls
0x000000000254a000 	/System/Library/PrivateFrameworks/CommerceKit.framework/Versions/A/Frameworks/CommerceCore.framework/Versions/A/CommerceCore
0x000000000254a000 	/System/Library/PrivateFrameworks/SystemAdministration.framework/Versions/A/SystemAdministration
0x000000000254a000 	/System/Library/PrivateFrameworks/AppContainer.framework/Versions/A/AppContainer
0x000000000254a000 	/System/Library/PrivateFrameworks/SecCodeWrapper.framework/Versions/A/SecCodeWrapper
0x000000000254a000 	/System/Library/Frameworks/DirectoryService.framework/Versions/A/DirectoryService
0x000000000254a000 	/System/Library/PrivateFrameworks/LoginUIKit.framework/Versions/A/Frameworks/LoginUICore.framework/Versions/A/LoginUICore
0x000000000254a000 	/usr/lib/libodfde.dylib
0x000000011f38b000 	/Library/Java/JavaVirtualMachines/jdk1.8.0_45.jdk/Contents/Home/jre/lib/libfontmanager.dylib
0x000000011d360000 	/Library/Java/JavaVirtualMachines/jdk1.8.0_45.jdk/Contents/Home/jre/lib/libosxui.dylib
0x000000012094f000 	/System/Library/Frameworks/OpenGL.framework/Resources/GLEngine.bundle/GLEngine
0x000000000254a000 	/System/Library/Frameworks/OpenGL.framework/Versions/A/Libraries/libGLProgrammability.dylib
0x0000000000000000 	/System/Library/Extensions/AppleIntelBDWGraphicsGLDriver.bundle/Contents/MacOS/AppleIntelBDWGraphicsGLDriver
0x000000000254a000 	/System/Library/PrivateFrameworks/GPUSupport.framework/Versions/A/Libraries/libGPUSupportMercury.dylib
0x000000011dd64000 	/System/Library/Frameworks/OpenGL.framework/Resources//GLRendererFloat.bundle/GLRendererFloat
0x0000000121233000 	/Library/Java/JavaVirtualMachines/jdk1.8.0_45.jdk/Contents/Home/jre/lib/libnet.dylib
0x000000012124a000 	/Library/Java/JavaVirtualMachines/jdk1.8.0_45.jdk/Contents/Home/jre/lib/libnio.dylib
0x000000000254a000 	/System/Library/PrivateFrameworks/CloudDocs.framework/Versions/A/CloudDocs
0x000000000254a000 	/System/Library/PrivateFrameworks/CoreDuet.framework/Versions/A/CoreDuet
0x000000000254a000 	/System/Library/Frameworks/CloudKit.framework/Versions/A/CloudKit
0x000000000254a000 	/System/Library/PrivateFrameworks/ProtocolBuffer.framework/Versions/A/ProtocolBuffer
0x000000000254a000 	/System/Library/PrivateFrameworks/CoreDuetDaemonProtocol.framework/Versions/A/CoreDuetDaemonProtocol
0x000000000254a000 	/System/Library/PrivateFrameworks/CoreDuetDebugLogging.framework/Versions/A/CoreDuetDebugLogging
0x000000000254a000 	/System/Library/Frameworks/Contacts.framework/Versions/A/Contacts
0x000000000254a000 	/System/Library/PrivateFrameworks/MMCS.framework/Versions/A/MMCS
0x000000000254a000 	/System/Library/Frameworks/CoreLocation.framework/Versions/A/CoreLocation
0x000000000254a000 	/System/Library/PrivateFrameworks/ContactsPersistence.framework/Versions/A/ContactsPersistence
0x000000000254a000 	/System/Library/Frameworks/AddressBook.framework/Versions/A/AddressBook
0x000000000254a000 	/System/Library/PrivateFrameworks/PhoneNumbers.framework/Versions/A/PhoneNumbers
0x000000000254a000 	/System/Library/PrivateFrameworks/IntlPreferences.framework/Versions/A/IntlPreferences
0x000000000254a000 	/System/Library/PrivateFrameworks/vCard.framework/Versions/A/vCard
0x000000000254a000 	/System/Library/Frameworks/Accounts.framework/Versions/A/Accounts
0x000000000254a000 	/System/Library/PrivateFrameworks/ContactsFoundation.framework/Versions/A/ContactsFoundation
0x000000000254a000 	/System/Library/PrivateFrameworks/ToneLibrary.framework/Versions/A/ToneLibrary
0x000000000254a000 	/System/Library/PrivateFrameworks/ToneKit.framework/Versions/A/ToneKit
0x000000000254a000 	/System/Library/PrivateFrameworks/ApplePushService.framework/Versions/A/ApplePushService
0x000000000254a000 	/System/Library/Frameworks/SecurityInterface.framework/Versions/A/SecurityInterface
0x000000000254a000 	/System/Library/PrivateFrameworks/ViewBridge.framework/Versions/A/ViewBridge
0x000000000254a000 	/System/Library/Frameworks/Quartz.framework/Versions/A/Quartz
0x000000000254a000 	/System/Library/Frameworks/AVFoundation.framework/Versions/A/AVFoundation
0x000000000254a000 	/System/Library/Frameworks/AVFoundation.framework/Versions/A/Resources/libAVFAudio.dylib
0x000000000254a000 	/System/Library/Frameworks/CoreMedia.framework/Versions/A/CoreMedia
0x000000000254a000 	/System/Library/Frameworks/MediaToolbox.framework/Versions/A/MediaToolbox
0x000000000254a000 	/System/Library/Frameworks/VideoToolbox.framework/Versions/A/VideoToolbox
0x000000000254a000 	/System/Library/Frameworks/CoreMediaIO.framework/Versions/A/CoreMediaIO
0x000000000254a000 	/System/Library/PrivateFrameworks/CoreAVCHD.framework/Versions/A/CoreAVCHD
0x000000000254a000 	/System/Library/Frameworks/MediaAccessibility.framework/Versions/A/MediaAccessibility
0x000000000254a000 	/System/Library/PrivateFrameworks/Mangrove.framework/Versions/A/Mangrove
0x000000000254a000 	/System/Library/PrivateFrameworks/CoreAUC.framework/Versions/A/CoreAUC
0x000000000254a000 	/System/Library/PrivateFrameworks/AppleVA.framework/Versions/A/AppleVA
0x000000000254a000 	/System/Library/PrivateFrameworks/XPCService.framework/Versions/A/XPCService
0x000000000254a000 	/System/Library/PrivateFrameworks/AppSandbox.framework/Versions/A/AppSandbox
0x000000000254a000 	/usr/lib/libsandbox.1.dylib
0x000000000254a000 	/usr/lib/libMatch.1.dylib
0x000000000254a000 	/System/Library/Frameworks/Quartz.framework/Versions/A/Frameworks/QuartzComposer.framework/Versions/A/QuartzComposer
0x000000000254a000 	/System/Library/Frameworks/Quartz.framework/Versions/A/Frameworks/PDFKit.framework/Versions/A/PDFKit
0x000000000254a000 	/System/Library/Frameworks/Quartz.framework/Versions/A/Frameworks/QuartzFilters.framework/Versions/A/QuartzFilters
0x000000000254a000 	/System/Library/Frameworks/Quartz.framework/Versions/A/Frameworks/ImageKit.framework/Versions/A/ImageKit
0x000000000254a000 	/System/Library/Frameworks/Quartz.framework/Versions/A/Frameworks/QuickLookUI.framework/Versions/A/QuickLookUI
0x000000000254a000 	/System/Library/Frameworks/JavaScriptCore.framework/Versions/A/JavaScriptCore
0x000000000254a000 	/System/Library/Frameworks/QTKit.framework/Versions/A/QTKit
0x000000000254a000 	/System/Library/PrivateFrameworks/AppleSystemInfo.framework/Versions/A/AppleSystemInfo
0x000000000254a000 	/System/Library/PrivateFrameworks/CoreMediaAuthoring.framework/Versions/A/CoreMediaAuthoring
0x000000000254a000 	/System/Library/PrivateFrameworks/CorePDF.framework/Versions/A/CorePDF
0x000000000254a000 	/System/Library/Frameworks/QuickLook.framework/Versions/A/QuickLook
0x000000000254a000 	/System/Library/PrivateFrameworks/DisplayServices.framework/Versions/A/DisplayServices
0x000000000254a000 	/System/Library/Frameworks/ImageCaptureCore.framework/Versions/A/ImageCaptureCore
0x000000000254a000 	/System/Library/PrivateFrameworks/SafariServices.framework/Versions/A/SafariServices
0x000000000254a000 	/usr/lib/libspindump.dylib
0x000000000254a000 	/System/Library/PrivateFrameworks/OAuth.framework/Versions/A/OAuth
0x000000000254a000 	/System/Library/PrivateFrameworks/AssetCacheServices.framework/Versions/A/AssetCacheServices
0x000000000254a000 	/System/Library/PrivateFrameworks/GeoServices.framework/Versions/A/GeoServices
0xffffedcd25c8d000 	/System/Library/Extensions/AppleIntelBDWGraphicsMTLDriver.bundle/Contents/MacOS/AppleIntelBDWGraphicsMTLDriver
0x000000011d339000 	/Library/Java/JavaVirtualMachines/jdk1.8.0_45.jdk/Contents/Home/jre/lib/libmanagement.dylib
0x00000001294e5000 	/Library/Java/JavaVirtualMachines/jdk1.8.0_45.jdk/Contents/Home/jre/lib/libsunec.dylib

VM Arguments:
jvm_args: -Dfile.encoding=UTF-8 
java_command: /Users/EzequielPanoff/git/PASAE-2015/rest-ui/restclient-ui-3.4.2-jar-with-dependencies.jar
java_class_path (initial): /Users/EzequielPanoff/git/PASAE-2015/rest-ui/restclient-ui-3.4.2-jar-with-dependencies.jar
Launcher Type: SUN_STANDARD

Environment Variables:
PATH=/usr/local/bin:/usr/bin:/bin:/usr/sbin:/sbin:/usr/local/git/bin
SHELL=/bin/bash

Signal Handlers:
SIGSEGV: [libjvm.dylib+0x58ef95], sa_mask[0]=11111111011111110111111111111111, sa_flags=SA_ONSTACK|SA_RESTART|SA_SIGINFO
SIGBUS: [libjvm.dylib+0x58ef95], sa_mask[0]=11111111011111110111111111111111, sa_flags=SA_RESTART|SA_SIGINFO
SIGFPE: [libjvm.dylib+0x46c108], sa_mask[0]=11111111011111110111111111111111, sa_flags=SA_RESTART|SA_SIGINFO
SIGPIPE: [libjvm.dylib+0x46c108], sa_mask[0]=11111111011111110111111111111111, sa_flags=SA_RESTART|SA_SIGINFO
SIGXFSZ: [libjvm.dylib+0x46c108], sa_mask[0]=11111111011111110111111111111111, sa_flags=SA_RESTART|SA_SIGINFO
SIGILL: [libjvm.dylib+0x46c108], sa_mask[0]=11111111011111110111111111111111, sa_flags=SA_RESTART|SA_SIGINFO
SIGUSR1: SIG_DFL, sa_mask[0]=00000000000000000000000000000000, sa_flags=none
SIGUSR2: [libjvm.dylib+0x46bc26], sa_mask[0]=00100000000000000000000000000000, sa_flags=SA_RESTART|SA_SIGINFO
SIGHUP: [libjvm.dylib+0x46a1f9], sa_mask[0]=11111111011111110111111111111111, sa_flags=SA_RESTART|SA_SIGINFO
SIGINT: [libjvm.dylib+0x46a1f9], sa_mask[0]=11111111011111110111111111111111, sa_flags=SA_RESTART|SA_SIGINFO
SIGTERM: [libjvm.dylib+0x46a1f9], sa_mask[0]=11111111011111110111111111111111, sa_flags=SA_RESTART|SA_SIGINFO
SIGQUIT: [libjvm.dylib+0x46a1f9], sa_mask[0]=11111111011111110111111111111111, sa_flags=SA_RESTART|SA_SIGINFO


---------------  S Y S T E M  ---------------

OS:Bsduname:Darwin 15.0.0 Darwin Kernel Version 15.0.0: Sun Jun 28 00:25:56 PDT 2015; root:xnu-3247.1.36~7/RELEASE_X86_64 x86_64
rlimit: STACK 8192k, CORE 0k, NPROC 709, NOFILE 10240, AS infinity
load average:4.62 4.61 3.73

CPU:total 4 (2 cores per cpu, 2 threads per core) family 6 model 61 stepping 4, cmov, cx8, fxsr, mmx, sse, sse2, sse3, ssse3, sse4.1, sse4.2, popcnt, avx, avx2, aes, clmul, erms, 3dnowpref, lzcnt, ht, tsc, tscinvbit, bmi1, bmi2, adx

Memory: 4k page, physical 8388608k(94900k free)

/proc/meminfo:


vm_info: Java HotSpot(TM) 64-Bit Server VM (25.45-b02) for bsd-amd64 JRE (1.8.0_45-b14), built on Apr 10 2015 10:46:38 by "java_re" with gcc 4.2.1 (Based on Apple Inc. build 5658) (LLVM build 2336.11.00)

time: Wed Jul 15 03:27:21 2015
elapsed time: 2673 seconds (0d 0h 44m 33s)

